0 info it worked if it ends with ok
1 verbose cli [ '/home/am53_jgoncalves/.nvm/versions/node/v6.16.0/bin/node',
1 verbose cli   '/home/am53_jgoncalves/.nvm/versions/node/v6.16.0/bin/npm',
1 verbose cli   'run',
1 verbose cli   'commit' ]
2 info using npm@3.10.10
3 info using node@v6.16.0
4 verbose run-script [ 'precommit', 'commit', 'postcommit' ]
5 info lifecycle changelog-test@2.0.3~precommit: changelog-test@2.0.3
6 silly lifecycle changelog-test@2.0.3~precommit: no script for precommit, continuing
7 info lifecycle changelog-test@2.0.3~commit: changelog-test@2.0.3
8 verbose lifecycle changelog-test@2.0.3~commit: unsafe-perm in lifecycle true
9 verbose lifecycle changelog-test@2.0.3~commit: PATH: /home/am53_jgoncalves/.nvm/versions/node/v6.16.0/lib/node_modules/npm/bin/node-gyp-bin:/home/am53_jgoncalves/workspace/changelog-test/node_modules/.bin:/home/am53_jgoncalves/.nvm/versions/node/v6.16.0/bin:/usr/local/sbin:/usr/local/bin:/usr/sbin:/usr/bin:/sbin:/bin:/usr/games:/usr/local/games:/snap/bin
10 verbose lifecycle changelog-test@2.0.3~commit: CWD: /home/am53_jgoncalves/workspace/changelog-test
11 silly lifecycle changelog-test@2.0.3~commit: Args: [ '-c', 'git add . && git-cz' ]
12 silly lifecycle changelog-test@2.0.3~commit: Returned: code: 1  signal: null
13 info lifecycle changelog-test@2.0.3~commit: Failed to exec commit script
14 verbose stack Error: changelog-test@2.0.3 commit: `git add . && git-cz`
14 verbose stack Exit status 1
14 verbose stack     at EventEmitter.<anonymous> (/home/am53_jgoncalves/.nvm/versions/node/v6.16.0/lib/node_modules/npm/lib/utils/lifecycle.js:255:16)
14 verbose stack     at emitTwo (events.js:106:13)
14 verbose stack     at EventEmitter.emit (events.js:191:7)
14 verbose stack     at ChildProcess.<anonymous> (/home/am53_jgoncalves/.nvm/versions/node/v6.16.0/lib/node_modules/npm/lib/utils/spawn.js:40:14)
14 verbose stack     at emitTwo (events.js:106:13)
14 verbose stack     at ChildProcess.emit (events.js:191:7)
14 verbose stack     at maybeClose (internal/child_process.js:920:16)
14 verbose stack     at Process.ChildProcess._handle.onexit (internal/child_process.js:230:5)
15 verbose pkgid changelog-test@2.0.3
16 verbose cwd /home/am53_jgoncalves/workspace/changelog-test
17 error Linux 4.15.0-43-generic
18 error argv "/home/am53_jgoncalves/.nvm/versions/node/v6.16.0/bin/node" "/home/am53_jgoncalves/.nvm/versions/node/v6.16.0/bin/npm" "run" "commit"
19 error node v6.16.0
20 error npm  v3.10.10
21 error code ELIFECYCLE
22 error changelog-test@2.0.3 commit: `git add . && git-cz`
22 error Exit status 1
23 error Failed at the changelog-test@2.0.3 commit script 'git add . && git-cz'.
23 error Make sure you have the latest version of node.js and npm installed.
23 error If you do, this is most likely a problem with the changelog-test package,
23 error not with npm itself.
23 error Tell the author that this fails on your system:
23 error     git add . && git-cz
23 error You can get information on how to open an issue for this project with:
23 error     npm bugs changelog-test
23 error Or if that isn't available, you can get their info via:
23 error     npm owner ls changelog-test
23 error There is likely additional logging output above.
24 verbose exit [ 1, true ]
